{"/home/daniela/Documentos/laboratoria/bootcamp/projects/burger-queen-api/config.js": {"path":"/home/daniela/Documentos/laboratoria/bootcamp/projects/burger-queen-api/config.js","statementMap":{"0":{"start":{"line":1,"column":0},"end":{"line":1,"column":59}},"1":{"start":{"line":2,"column":0},"end":{"line":2,"column":79}},"2":{"start":{"line":3,"column":0},"end":{"line":3,"column":73}},"3":{"start":{"line":4,"column":0},"end":{"line":4,"column":66}},"4":{"start":{"line":5,"column":0},"end":{"line":5,"column":65}}},"fnMap":{},"branchMap":{"0":{"loc":{"start":{"line":1,"column":15},"end":{"line":1,"column":58}},"type":"binary-expr","locations":[{"start":{"line":1,"column":15},"end":{"line":1,"column":30}},{"start":{"line":1,"column":34},"end":{"line":1,"column":50}},{"start":{"line":1,"column":54},"end":{"line":1,"column":58}}],"line":1},"1":{"loc":{"start":{"line":2,"column":16},"end":{"line":2,"column":78}},"type":"binary-expr","locations":[{"start":{"line":2,"column":16},"end":{"line":2,"column":34}},{"start":{"line":2,"column":38},"end":{"line":2,"column":78}}],"line":2},"2":{"loc":{"start":{"line":3,"column":17},"end":{"line":3,"column":72}},"type":"binary-expr","locations":[{"start":{"line":3,"column":17},"end":{"line":3,"column":39}},{"start":{"line":3,"column":43},"end":{"line":3,"column":72}}],"line":3},"3":{"loc":{"start":{"line":4,"column":21},"end":{"line":4,"column":65}},"type":"binary-expr","locations":[{"start":{"line":4,"column":21},"end":{"line":4,"column":44}},{"start":{"line":4,"column":48},"end":{"line":4,"column":65}}],"line":4},"4":{"loc":{"start":{"line":5,"column":24},"end":{"line":5,"column":64}},"type":"binary-expr","locations":[{"start":{"line":5,"column":24},"end":{"line":5,"column":50}},{"start":{"line":5,"column":54},"end":{"line":5,"column":64}}],"line":5}},"s":{"0":1,"1":1,"2":1,"3":1,"4":1},"f":{},"b":{"0":[1,0,0],"1":[1,0],"2":[1,1],"3":[1,1],"4":[1,1]},"_coverageSchema":"43e27e138ebf9cfc5966b082cf9a028302ed4184","hash":"b7f48a90640ebc01815a54082cfe590ce5e4f6a4"}
,"/home/daniela/Documentos/laboratoria/bootcamp/projects/burger-queen-api/controllers/users.js": {"path":"/home/daniela/Documentos/laboratoria/bootcamp/projects/burger-queen-api/controllers/users.js","statementMap":{"0":{"start":{"line":1,"column":21},"end":{"line":1,"column":39}},"1":{"start":{"line":2,"column":15},"end":{"line":2,"column":32}},"2":{"start":{"line":3,"column":11},"end":{"line":3,"column":39}},"3":{"start":{"line":5,"column":17},"end":{"line":15,"column":1}},"4":{"start":{"line":6,"column":35},"end":{"line":6,"column":44}},"5":{"start":{"line":7,"column":34},"end":{"line":7,"column":98}},"6":{"start":{"line":8,"column":26},"end":{"line":8,"column":58}},"7":{"start":{"line":9,"column":16},"end":{"line":13,"column":60}},"8":{"start":{"line":13,"column":37},"end":{"line":13,"column":58}},"9":{"start":{"line":14,"column":2},"end":{"line":14,"column":19}},"10":{"start":{"line":17,"column":20},"end":{"line":32,"column":1}},"11":{"start":{"line":18,"column":18},"end":{"line":18,"column":28}},"12":{"start":{"line":19,"column":26},"end":{"line":19,"column":58}},"13":{"start":{"line":21,"column":2},"end":{"line":25,"column":3}},"14":{"start":{"line":22,"column":4},"end":{"line":22,"column":39}},"15":{"start":{"line":24,"column":4},"end":{"line":24,"column":27}},"16":{"start":{"line":27,"column":15},"end":{"line":27,"column":51}},"17":{"start":{"line":28,"column":2},"end":{"line":30,"column":3}},"18":{"start":{"line":29,"column":4},"end":{"line":29,"column":21}},"19":{"start":{"line":31,"column":2},"end":{"line":31,"column":69}},"20":{"start":{"line":34,"column":16},"end":{"line":57,"column":1}},"21":{"start":{"line":35,"column":37},"end":{"line":35,"column":45}},"22":{"start":{"line":36,"column":2},"end":{"line":38,"column":3}},"23":{"start":{"line":37,"column":4},"end":{"line":37,"column":21}},"24":{"start":{"line":39,"column":2},"end":{"line":56,"column":3}},"25":{"start":{"line":40,"column":28},"end":{"line":40,"column":60}},"26":{"start":{"line":41,"column":22},"end":{"line":41,"column":62}},"27":{"start":{"line":42,"column":4},"end":{"line":44,"column":5}},"28":{"start":{"line":43,"column":6},"end":{"line":43,"column":23}},"29":{"start":{"line":45,"column":4},"end":{"line":49,"column":7}},"30":{"start":{"line":50,"column":18},"end":{"line":51,"column":62}},"31":{"start":{"line":51,"column":39},"end":{"line":51,"column":60}},"32":{"start":{"line":52,"column":4},"end":{"line":52,"column":21}},"33":{"start":{"line":54,"column":4},"end":{"line":54,"column":30}},"34":{"start":{"line":55,"column":4},"end":{"line":55,"column":21}},"35":{"start":{"line":59,"column":19},"end":{"line":74,"column":1}},"36":{"start":{"line":60,"column":18},"end":{"line":60,"column":28}},"37":{"start":{"line":61,"column":26},"end":{"line":61,"column":58}},"38":{"start":{"line":63,"column":2},"end":{"line":67,"column":3}},"39":{"start":{"line":64,"column":4},"end":{"line":64,"column":39}},"40":{"start":{"line":66,"column":4},"end":{"line":66,"column":27}},"41":{"start":{"line":68,"column":15},"end":{"line":68,"column":51}},"42":{"start":{"line":69,"column":2},"end":{"line":71,"column":3}},"43":{"start":{"line":70,"column":4},"end":{"line":70,"column":21}},"44":{"start":{"line":72,"column":2},"end":{"line":72,"column":41}},"45":{"start":{"line":73,"column":2},"end":{"line":73,"column":69}},"46":{"start":{"line":76,"column":19},"end":{"line":109,"column":1}},"47":{"start":{"line":77,"column":18},"end":{"line":77,"column":28}},"48":{"start":{"line":78,"column":37},"end":{"line":78,"column":45}},"49":{"start":{"line":80,"column":26},"end":{"line":80,"column":58}},"50":{"start":{"line":82,"column":2},"end":{"line":86,"column":3}},"51":{"start":{"line":83,"column":4},"end":{"line":83,"column":39}},"52":{"start":{"line":85,"column":4},"end":{"line":85,"column":27}},"53":{"start":{"line":87,"column":15},"end":{"line":87,"column":51}},"54":{"start":{"line":88,"column":2},"end":{"line":90,"column":3}},"55":{"start":{"line":89,"column":4},"end":{"line":89,"column":21}},"56":{"start":{"line":91,"column":2},"end":{"line":93,"column":3}},"57":{"start":{"line":92,"column":4},"end":{"line":92,"column":21}},"58":{"start":{"line":94,"column":2},"end":{"line":96,"column":3}},"59":{"start":{"line":95,"column":4},"end":{"line":95,"column":21}},"60":{"start":{"line":98,"column":2},"end":{"line":107,"column":4}},"61":{"start":{"line":108,"column":2},"end":{"line":108,"column":69}},"62":{"start":{"line":111,"column":0},"end":{"line":117,"column":2}}},"fnMap":{"0":{"name":"(anonymous_0)","decl":{"start":{"line":5,"column":17},"end":{"line":5,"column":18}},"loc":{"start":{"line":5,"column":38},"end":{"line":15,"column":1}},"line":5},"1":{"name":"(anonymous_1)","decl":{"start":{"line":13,"column":9},"end":{"line":13,"column":10}},"loc":{"start":{"line":13,"column":37},"end":{"line":13,"column":58}},"line":13},"2":{"name":"(anonymous_2)","decl":{"start":{"line":17,"column":20},"end":{"line":17,"column":21}},"loc":{"start":{"line":17,"column":47},"end":{"line":32,"column":1}},"line":17},"3":{"name":"(anonymous_3)","decl":{"start":{"line":34,"column":16},"end":{"line":34,"column":17}},"loc":{"start":{"line":34,"column":43},"end":{"line":57,"column":1}},"line":34},"4":{"name":"(anonymous_4)","decl":{"start":{"line":51,"column":11},"end":{"line":51,"column":12}},"loc":{"start":{"line":51,"column":39},"end":{"line":51,"column":60}},"line":51},"5":{"name":"(anonymous_5)","decl":{"start":{"line":59,"column":19},"end":{"line":59,"column":20}},"loc":{"start":{"line":59,"column":46},"end":{"line":74,"column":1}},"line":59},"6":{"name":"(anonymous_6)","decl":{"start":{"line":76,"column":19},"end":{"line":76,"column":20}},"loc":{"start":{"line":76,"column":46},"end":{"line":109,"column":1}},"line":76}},"branchMap":{"0":{"loc":{"start":{"line":6,"column":10},"end":{"line":6,"column":18}},"type":"default-arg","locations":[{"start":{"line":6,"column":17},"end":{"line":6,"column":18}}],"line":6},"1":{"loc":{"start":{"line":6,"column":20},"end":{"line":6,"column":30}},"type":"default-arg","locations":[{"start":{"line":6,"column":28},"end":{"line":6,"column":30}}],"line":6},"2":{"loc":{"start":{"line":28,"column":2},"end":{"line":30,"column":3}},"type":"if","locations":[{"start":{"line":28,"column":2},"end":{"line":30,"column":3}},{"start":{"line":28,"column":2},"end":{"line":30,"column":3}}],"line":28},"3":{"loc":{"start":{"line":36,"column":2},"end":{"line":38,"column":3}},"type":"if","locations":[{"start":{"line":36,"column":2},"end":{"line":38,"column":3}},{"start":{"line":36,"column":2},"end":{"line":38,"column":3}}],"line":36},"4":{"loc":{"start":{"line":36,"column":6},"end":{"line":36,"column":25}},"type":"binary-expr","locations":[{"start":{"line":36,"column":6},"end":{"line":36,"column":12}},{"start":{"line":36,"column":16},"end":{"line":36,"column":25}}],"line":36},"5":{"loc":{"start":{"line":42,"column":4},"end":{"line":44,"column":5}},"type":"if","locations":[{"start":{"line":42,"column":4},"end":{"line":44,"column":5}},{"start":{"line":42,"column":4},"end":{"line":44,"column":5}}],"line":42},"6":{"loc":{"start":{"line":48,"column":13},"end":{"line":48,"column":38}},"type":"binary-expr","locations":[{"start":{"line":48,"column":13},"end":{"line":48,"column":18}},{"start":{"line":48,"column":22},"end":{"line":48,"column":38}}],"line":48},"7":{"loc":{"start":{"line":69,"column":2},"end":{"line":71,"column":3}},"type":"if","locations":[{"start":{"line":69,"column":2},"end":{"line":71,"column":3}},{"start":{"line":69,"column":2},"end":{"line":71,"column":3}}],"line":69},"8":{"loc":{"start":{"line":88,"column":2},"end":{"line":90,"column":3}},"type":"if","locations":[{"start":{"line":88,"column":2},"end":{"line":90,"column":3}},{"start":{"line":88,"column":2},"end":{"line":90,"column":3}}],"line":88},"9":{"loc":{"start":{"line":91,"column":2},"end":{"line":93,"column":3}},"type":"if","locations":[{"start":{"line":91,"column":2},"end":{"line":93,"column":3}},{"start":{"line":91,"column":2},"end":{"line":93,"column":3}}],"line":91},"10":{"loc":{"start":{"line":91,"column":6},"end":{"line":91,"column":72}},"type":"binary-expr","locations":[{"start":{"line":91,"column":6},"end":{"line":91,"column":11}},{"start":{"line":91,"column":15},"end":{"line":91,"column":57}},{"start":{"line":91,"column":61},"end":{"line":91,"column":72}}],"line":91},"11":{"loc":{"start":{"line":94,"column":2},"end":{"line":96,"column":3}},"type":"if","locations":[{"start":{"line":94,"column":2},"end":{"line":96,"column":3}},{"start":{"line":94,"column":2},"end":{"line":96,"column":3}}],"line":94},"12":{"loc":{"start":{"line":94,"column":8},"end":{"line":94,"column":25}},"type":"binary-expr","locations":[{"start":{"line":94,"column":8},"end":{"line":94,"column":13}},{"start":{"line":94,"column":17},"end":{"line":94,"column":25}}],"line":94},"13":{"loc":{"start":{"line":102,"column":15},"end":{"line":102,"column":34}},"type":"binary-expr","locations":[{"start":{"line":102,"column":15},"end":{"line":102,"column":20}},{"start":{"line":102,"column":24},"end":{"line":102,"column":34}}],"line":102},"14":{"loc":{"start":{"line":103,"column":18},"end":{"line":103,"column":74}},"type":"cond-expr","locations":[{"start":{"line":103,"column":29},"end":{"line":103,"column":58}},{"start":{"line":103,"column":61},"end":{"line":103,"column":74}}],"line":103},"15":{"loc":{"start":{"line":104,"column":15},"end":{"line":104,"column":34}},"type":"binary-expr","locations":[{"start":{"line":104,"column":15},"end":{"line":104,"column":20}},{"start":{"line":104,"column":24},"end":{"line":104,"column":34}}],"line":104}},"s":{"0":1,"1":1,"2":1,"3":1,"4":0,"5":0,"6":0,"7":0,"8":0,"9":0,"10":1,"11":0,"12":0,"13":0,"14":0,"15":0,"16":0,"17":0,"18":0,"19":0,"20":1,"21":1,"22":1,"23":0,"24":1,"25":1,"26":0,"27":0,"28":0,"29":0,"30":0,"31":0,"32":0,"33":1,"34":1,"35":1,"36":0,"37":0,"38":0,"39":0,"40":0,"41":0,"42":0,"43":0,"44":0,"45":0,"46":1,"47":0,"48":0,"49":0,"50":0,"51":0,"52":0,"53":0,"54":0,"55":0,"56":0,"57":0,"58":0,"59":0,"60":0,"61":0,"62":1},"f":{"0":0,"1":0,"2":0,"3":1,"4":0,"5":0,"6":0},"b":{"0":[0],"1":[0],"2":[0,0],"3":[0,1],"4":[1,1],"5":[0,0],"6":[0,0],"7":[0,0],"8":[0,0],"9":[0,0],"10":[0,0,0],"11":[0,0],"12":[0,0],"13":[0,0],"14":[0,0],"15":[0,0]},"_coverageSchema":"43e27e138ebf9cfc5966b082cf9a028302ed4184","hash":"45ffc795d225d3d86814d3c3a068a737876bc7c6"}
,"/home/daniela/Documentos/laboratoria/bootcamp/projects/burger-queen-api/libs/connectdb.js": {"path":"/home/daniela/Documentos/laboratoria/bootcamp/projects/burger-queen-api/libs/connectdb.js","statementMap":{"0":{"start":{"line":1,"column":14},"end":{"line":1,"column":44}},"1":{"start":{"line":3,"column":18},"end":{"line":3,"column":38}},"2":{"start":{"line":6,"column":0},"end":{"line":12,"column":2}},"3":{"start":{"line":7,"column":2},"end":{"line":10,"column":3}},"4":{"start":{"line":8,"column":19},"end":{"line":8,"column":72}},"5":{"start":{"line":9,"column":4},"end":{"line":9,"column":35}},"6":{"start":{"line":11,"column":2},"end":{"line":11,"column":12}}},"fnMap":{"0":{"name":"(anonymous_0)","decl":{"start":{"line":6,"column":17},"end":{"line":6,"column":18}},"loc":{"start":{"line":6,"column":29},"end":{"line":12,"column":1}},"line":6}},"branchMap":{"0":{"loc":{"start":{"line":7,"column":2},"end":{"line":10,"column":3}},"type":"if","locations":[{"start":{"line":7,"column":2},"end":{"line":10,"column":3}},{"start":{"line":7,"column":2},"end":{"line":10,"column":3}}],"line":7}},"s":{"0":1,"1":1,"2":1,"3":0,"4":0,"5":0,"6":0},"f":{"0":0},"b":{"0":[0,0]},"_coverageSchema":"43e27e138ebf9cfc5966b082cf9a028302ed4184","hash":"8f7fb89c4a8e69b224c487a052d4ee3900b0271a"}
}
